lex_density ../results/tagger-output//MS/ms.zh-en.a.en.norm.en.tag.forlm
lex_density ../results/tagger-output//MS/ms.zh-en.c6.en.norm.en.tag.forlm
lex_density ../results/tagger-output//MS/ms.zh-en.ht.en.norm.en.tag.forlm
lex_density ../results/tagger-output//MS/ms.zh-en.pe.en.norm.en.tag.forlm
lex_density ../results/tagger-output//MS/ms.zh-en.src.zh.norm.zh.tag.forlm
lex_density ../results/tagger-output//MS/orig.ms.zh-en.a.en.norm.en.tag.forlm
lex_density ../results/tagger-output//MS/orig.ms.zh-en.c6.en.norm.en.tag.forlm
lex_density ../results/tagger-output//MS/orig.ms.zh-en.ht.en.norm.en.tag.forlm
lex_density ../results/tagger-output//MS/orig.ms.zh-en.pe.en.norm.en.tag.forlm
lex_density ../results/tagger-output//MS/orig.ms.zh-en.src.zh.norm.zh.tag.forlm
lex_density ../results/tagger-output//MS/trlt.ms.zh-en.a.en.norm.en.tag.forlm
lex_density ../results/tagger-output//MS/trlt.ms.zh-en.c6.en.norm.en.tag.forlm
lex_density ../results/tagger-output//MS/trlt.ms.zh-en.ht.en.norm.en.tag.forlm
lex_density ../results/tagger-output//MS/trlt.ms.zh-en.pe.en.norm.en.tag.forlm
lex_density ../results/tagger-output//MS/trlt.ms.zh-en.src.zh.norm.zh.tag.forlm
lex_density ../results/tagger-output//MS/ms.zh-en.a.en.norm.en.tag.forlm
lex_density ../results/tagger-output//MS/ms.zh-en.c6.en.norm.en.tag.forlm
lex_density ../results/tagger-output//MS/ms.zh-en.ht.en.norm.en.tag.forlm
lex_density ../results/tagger-output//MS/ms.zh-en.pe.en.norm.en.tag.forlm
lex_density ../results/tagger-output//MS/ms.zh-en.src.zh.norm.zh.tag.forlm
lex_density ../results/tagger-output//MS/orig.ms.zh-en.a.en.norm.en.tag.forlm
lex_density ../results/tagger-output//MS/orig.ms.zh-en.c6.en.norm.en.tag.forlm
lex_density ../results/tagger-output//MS/orig.ms.zh-en.ht.en.norm.en.tag.forlm
lex_density ../results/tagger-output//MS/orig.ms.zh-en.pe.en.norm.en.tag.forlm
lex_density ../results/tagger-output//MS/orig.ms.zh-en.src.zh.norm.zh.tag.forlm
lex_density ../results/tagger-output//MS/trlt.ms.zh-en.a.en.norm.en.tag.forlm
lex_density ../results/tagger-output//MS/trlt.ms.zh-en.c6.en.norm.en.tag.forlm
lex_density ../results/tagger-output//MS/trlt.ms.zh-en.ht.en.norm.en.tag.forlm
lex_density ../results/tagger-output//MS/trlt.ms.zh-en.pe.en.norm.en.tag.forlm
lex_density ../results/tagger-output//MS/trlt.ms.zh-en.src.zh.norm.zh.tag.forlm
