ted.en-de.ht.de.norm.de.tag.forlm	0.4803983894892986
ted.en-de.nmt1.de.norm.de.tag.forlm	0.4621754242486199
ted.en-de.nmt2.de.norm.de.tag.forlm	0.45539225833160835
ted.en-de.nmt3.de.norm.de.tag.forlm	0.4529386250271091
ted.en-de.nmt4.de.norm.de.tag.forlm	0.4298513986013986
ted.en-de.penmt1.de.norm.de.tag.forlm	0.46365683865683865
ted.en-de.penmt2.de.norm.de.tag.forlm	0.46313528990694347
ted.en-de.penmt3.de.norm.de.tag.forlm	0.45975698411049953
ted.en-de.penmt4.de.norm.de.tag.forlm	0.46046128500823724
ted.en-de.pesmt1.de.norm.de.tag.forlm	0.4658328248932276
ted.en-de.pesmt2.de.norm.de.tag.forlm	0.4656928299557659
ted.en-de.pesmt3.de.norm.de.tag.forlm	0.46587171052631576
ted.en-de.pesmt4.de.norm.de.tag.forlm	0.46583788154437034
ted.en-de.smt1.de.norm.de.tag.forlm	0.4573733942032063
ted.en-de.smt2.de.norm.de.tag.forlm	0.46169682522483474
ted.en-de.smt3.de.norm.de.tag.forlm	0.4639653898913158
ted.en-de.smt4.de.norm.de.tag.forlm	0.46206334657297077
ted.en-de.src.en.norm.en.tag.forlm	0.48327971141659354
ted.en-fr.ht.fr.norm.fr.tag.forlm	0.4564771002589055
ted.en-fr.nmt1.fr.norm.fr.tag.forlm	0.4485664639443962
ted.en-fr.nmt2.fr.norm.fr.tag.forlm	0.4357377924041626
ted.en-fr.penmt1.fr.norm.fr.tag.forlm	0.450916286672976
ted.en-fr.penmt2.fr.norm.fr.tag.forlm	0.4486125385405961
ted.en-fr.pesmt1.fr.norm.fr.tag.forlm	0.4503823279524214
ted.en-fr.pesmt2.fr.norm.fr.tag.forlm	0.45192629815745394
ted.en-fr.pesmt3.fr.norm.fr.tag.forlm	0.4521950373069582
ted.en-fr.smt1.fr.norm.fr.tag.forlm	0.45692133461102885
ted.en-fr.smt2.fr.norm.fr.tag.forlm	0.45599517282992846
ted.en-fr.smt3.fr.norm.fr.tag.forlm	0.46380572805635367
ted.en-fr.src.en.norm.en.tag.forlm	0.48327971141659354
