wmt.rbmt1.edit.de-en.norm.en.tag.forlm	0.5371439568899153
wmt.rbmt1.hyp.de-en.norm.en.tag.forlm	0.5401768550557478
wmt.rbmt2.edit.de-en.norm.en.tag.forlm	0.5466952622343537
wmt.rbmt2.hyp.de-en.norm.en.tag.forlm	0.5506710756662128
wmt.ref.de-en.norm.en.tag.forlm	0.5499683076272976
wmt.smt1.edit.de-en.norm.en.tag.forlm	0.5456401878701246
wmt.smt1.hyp.de-en.norm.en.tag.forlm	0.5527896995708155
wmt.smt2.edit.de-en.norm.en.tag.forlm	0.5383367139959432
wmt.smt2.hyp.de-en.norm.en.tag.forlm	0.5484081988661142
wmt.rbmt1.edit.en-de.norm.de.tag.forlm	0.5217970683418999
wmt.rbmt1.hyp.en-de.norm.de.tag.forlm	0.5303729334871203
wmt.rbmt2.edit.en-de.norm.de.tag.forlm	0.5240366272415109
wmt.rbmt2.hyp.en-de.norm.de.tag.forlm	0.5216483099126472
wmt.ref.en-de.norm.de.tag.forlm	0.5340929643696871
wmt.smt1.edit.en-de.norm.de.tag.forlm	0.5216251638269986
wmt.smt1.hyp.en-de.norm.de.tag.forlm	0.5315693430656935
wmt.smt2.edit.en-de.norm.de.tag.forlm	0.5159116435791838
wmt.smt2.hyp.en-de.norm.de.tag.forlm	0.5380692167577413
wmt.rbmt1.edit.es-de.norm.de.tag.forlm	0.512280701754386
wmt.rbmt1.hyp.es-de.norm.de.tag.forlm	0.5050352467270897
wmt.rbmt2.edit.es-de.norm.de.tag.forlm	0.5071888943976203
wmt.rbmt2.hyp.es-de.norm.de.tag.forlm	0.4956896551724138
wmt.ref.es-de.norm.de.tag.forlm	0.530096105209914
wmt.smt1.edit.es-de.norm.de.tag.forlm	0.5046545810877021
wmt.smt1.hyp.es-de.norm.de.tag.forlm	0.516042780748663
wmt.smt2.edit.es-de.norm.de.tag.forlm	0.5048780487804878
wmt.smt2.hyp.es-de.norm.de.tag.forlm	0.5075987841945289
wmt.rbmt1.edit.de-es.norm.es.tag.forlm	0.5056410256410256
wmt.rbmt1.hyp.de-es.norm.es.tag.forlm	0.5190918472652218
wmt.rbmt2.edit.de-es.norm.es.tag.forlm	0.5050100200400801
wmt.rbmt2.hyp.de-es.norm.es.tag.forlm	0.5448648648648649
wmt.ref.de-es.norm.es.tag.forlm	0.5165929203539823
wmt.smt1.edit.de-es.norm.es.tag.forlm	0.49949031600407745
wmt.smt1.hyp.de-es.norm.es.tag.forlm	0.49944994499449946
wmt.smt2.edit.de-es.norm.es.tag.forlm	0.49950445986124875
wmt.smt2.hyp.de-es.norm.es.tag.forlm	0.4950603732162459
