lex_density ../results/tagger-output//iwslt/ted.en-de.ht.de.norm.de.tag.forlm
lex_density ../results/tagger-output//iwslt/ted.en-de.nmt1.de.norm.de.tag.forlm
lex_density ../results/tagger-output//iwslt/ted.en-de.nmt2.de.norm.de.tag.forlm
lex_density ../results/tagger-output//iwslt/ted.en-de.nmt3.de.norm.de.tag.forlm
lex_density ../results/tagger-output//iwslt/ted.en-de.nmt4.de.norm.de.tag.forlm
lex_density ../results/tagger-output//iwslt/ted.en-de.penmt1.de.norm.de.tag.forlm
lex_density ../results/tagger-output//iwslt/ted.en-de.penmt2.de.norm.de.tag.forlm
lex_density ../results/tagger-output//iwslt/ted.en-de.penmt3.de.norm.de.tag.forlm
lex_density ../results/tagger-output//iwslt/ted.en-de.penmt4.de.norm.de.tag.forlm
lex_density ../results/tagger-output//iwslt/ted.en-de.pesmt1.de.norm.de.tag.forlm
lex_density ../results/tagger-output//iwslt/ted.en-de.pesmt2.de.norm.de.tag.forlm
lex_density ../results/tagger-output//iwslt/ted.en-de.pesmt3.de.norm.de.tag.forlm
lex_density ../results/tagger-output//iwslt/ted.en-de.pesmt4.de.norm.de.tag.forlm
lex_density ../results/tagger-output//iwslt/ted.en-de.smt1.de.norm.de.tag.forlm
lex_density ../results/tagger-output//iwslt/ted.en-de.smt2.de.norm.de.tag.forlm
lex_density ../results/tagger-output//iwslt/ted.en-de.smt3.de.norm.de.tag.forlm
lex_density ../results/tagger-output//iwslt/ted.en-de.smt4.de.norm.de.tag.forlm
lex_density ../results/tagger-output//iwslt/ted.en-de.src.en.norm.en.tag.forlm
lex_density ../results/tagger-output//iwslt/ted.en-fr.ht.fr.norm.fr.tag.forlm
lex_density ../results/tagger-output//iwslt/ted.en-fr.nmt1.fr.norm.fr.tag.forlm
lex_density ../results/tagger-output//iwslt/ted.en-fr.nmt2.fr.norm.fr.tag.forlm
lex_density ../results/tagger-output//iwslt/ted.en-fr.penmt1.fr.norm.fr.tag.forlm
lex_density ../results/tagger-output//iwslt/ted.en-fr.penmt2.fr.norm.fr.tag.forlm
lex_density ../results/tagger-output//iwslt/ted.en-fr.pesmt1.fr.norm.fr.tag.forlm
lex_density ../results/tagger-output//iwslt/ted.en-fr.pesmt2.fr.norm.fr.tag.forlm
lex_density ../results/tagger-output//iwslt/ted.en-fr.pesmt3.fr.norm.fr.tag.forlm
lex_density ../results/tagger-output//iwslt/ted.en-fr.smt1.fr.norm.fr.tag.forlm
lex_density ../results/tagger-output//iwslt/ted.en-fr.smt2.fr.norm.fr.tag.forlm
lex_density ../results/tagger-output//iwslt/ted.en-fr.smt3.fr.norm.fr.tag.forlm
lex_density ../results/tagger-output//iwslt/ted.en-fr.src.en.norm.en.tag.forlm
