lex_density ../results/tagger-output//trx/wmt.rbmt1.edit.de-en.norm.en.tag.forlm
lex_density ../results/tagger-output//trx/wmt.rbmt1.hyp.de-en.norm.en.tag.forlm
lex_density ../results/tagger-output//trx/wmt.rbmt2.edit.de-en.norm.en.tag.forlm
lex_density ../results/tagger-output//trx/wmt.rbmt2.hyp.de-en.norm.en.tag.forlm
lex_density ../results/tagger-output//trx/wmt.ref.de-en.norm.en.tag.forlm
lex_density ../results/tagger-output//trx/wmt.smt1.edit.de-en.norm.en.tag.forlm
lex_density ../results/tagger-output//trx/wmt.smt1.hyp.de-en.norm.en.tag.forlm
lex_density ../results/tagger-output//trx/wmt.smt2.edit.de-en.norm.en.tag.forlm
lex_density ../results/tagger-output//trx/wmt.smt2.hyp.de-en.norm.en.tag.forlm
lex_density ../results/tagger-output//trx/wmt.rbmt1.edit.en-de.norm.de.tag.forlm
lex_density ../results/tagger-output//trx/wmt.rbmt1.hyp.en-de.norm.de.tag.forlm
lex_density ../results/tagger-output//trx/wmt.rbmt2.edit.en-de.norm.de.tag.forlm
lex_density ../results/tagger-output//trx/wmt.rbmt2.hyp.en-de.norm.de.tag.forlm
lex_density ../results/tagger-output//trx/wmt.ref.en-de.norm.de.tag.forlm
lex_density ../results/tagger-output//trx/wmt.smt1.edit.en-de.norm.de.tag.forlm
lex_density ../results/tagger-output//trx/wmt.smt1.hyp.en-de.norm.de.tag.forlm
lex_density ../results/tagger-output//trx/wmt.smt2.edit.en-de.norm.de.tag.forlm
lex_density ../results/tagger-output//trx/wmt.smt2.hyp.en-de.norm.de.tag.forlm
lex_density ../results/tagger-output//trx/wmt.rbmt1.edit.es-de.norm.de.tag.forlm
lex_density ../results/tagger-output//trx/wmt.rbmt1.hyp.es-de.norm.de.tag.forlm
lex_density ../results/tagger-output//trx/wmt.rbmt2.edit.es-de.norm.de.tag.forlm
lex_density ../results/tagger-output//trx/wmt.rbmt2.hyp.es-de.norm.de.tag.forlm
lex_density ../results/tagger-output//trx/wmt.ref.es-de.norm.de.tag.forlm
lex_density ../results/tagger-output//trx/wmt.smt1.edit.es-de.norm.de.tag.forlm
lex_density ../results/tagger-output//trx/wmt.smt1.hyp.es-de.norm.de.tag.forlm
lex_density ../results/tagger-output//trx/wmt.smt2.edit.es-de.norm.de.tag.forlm
lex_density ../results/tagger-output//trx/wmt.smt2.hyp.es-de.norm.de.tag.forlm
lex_density ../results/tagger-output//trx/wmt.rbmt1.edit.de-es.norm.es.tag.forlm
lex_density ../results/tagger-output//trx/wmt.rbmt1.hyp.de-es.norm.es.tag.forlm
lex_density ../results/tagger-output//trx/wmt.rbmt2.edit.de-es.norm.es.tag.forlm
lex_density ../results/tagger-output//trx/wmt.rbmt2.hyp.de-es.norm.es.tag.forlm
lex_density ../results/tagger-output//trx/wmt.ref.de-es.norm.es.tag.forlm
lex_density ../results/tagger-output//trx/wmt.smt1.edit.de-es.norm.es.tag.forlm
lex_density ../results/tagger-output//trx/wmt.smt1.hyp.de-es.norm.es.tag.forlm
lex_density ../results/tagger-output//trx/wmt.smt2.edit.de-es.norm.es.tag.forlm
lex_density ../results/tagger-output//trx/wmt.smt2.hyp.de-es.norm.es.tag.forlm
lex_density ../results/tagger-output//trx/wmt.rbmt1.edit.de-en.norm.en.tag.forlm
lex_density ../results/tagger-output//trx/wmt.rbmt1.hyp.de-en.norm.en.tag.forlm
lex_density ../results/tagger-output//trx/wmt.rbmt2.edit.de-en.norm.en.tag.forlm
lex_density ../results/tagger-output//trx/wmt.rbmt2.hyp.de-en.norm.en.tag.forlm
lex_density ../results/tagger-output//trx/wmt.ref.de-en.norm.en.tag.forlm
lex_density ../results/tagger-output//trx/wmt.smt1.edit.de-en.norm.en.tag.forlm
lex_density ../results/tagger-output//trx/wmt.smt1.hyp.de-en.norm.en.tag.forlm
lex_density ../results/tagger-output//trx/wmt.smt2.edit.de-en.norm.en.tag.forlm
lex_density ../results/tagger-output//trx/wmt.smt2.hyp.de-en.norm.en.tag.forlm
lex_density ../results/tagger-output//trx/wmt.rbmt1.edit.en-de.norm.de.tag.forlm
lex_density ../results/tagger-output//trx/wmt.rbmt1.hyp.en-de.norm.de.tag.forlm
lex_density ../results/tagger-output//trx/wmt.rbmt2.edit.en-de.norm.de.tag.forlm
lex_density ../results/tagger-output//trx/wmt.rbmt2.hyp.en-de.norm.de.tag.forlm
lex_density ../results/tagger-output//trx/wmt.ref.en-de.norm.de.tag.forlm
lex_density ../results/tagger-output//trx/wmt.smt1.edit.en-de.norm.de.tag.forlm
lex_density ../results/tagger-output//trx/wmt.smt1.hyp.en-de.norm.de.tag.forlm
lex_density ../results/tagger-output//trx/wmt.smt2.edit.en-de.norm.de.tag.forlm
lex_density ../results/tagger-output//trx/wmt.smt2.hyp.en-de.norm.de.tag.forlm
lex_density ../results/tagger-output//trx/wmt.rbmt1.edit.es-de.norm.de.tag.forlm
lex_density ../results/tagger-output//trx/wmt.rbmt1.hyp.es-de.norm.de.tag.forlm
lex_density ../results/tagger-output//trx/wmt.rbmt2.edit.es-de.norm.de.tag.forlm
lex_density ../results/tagger-output//trx/wmt.rbmt2.hyp.es-de.norm.de.tag.forlm
lex_density ../results/tagger-output//trx/wmt.ref.es-de.norm.de.tag.forlm
lex_density ../results/tagger-output//trx/wmt.smt1.edit.es-de.norm.de.tag.forlm
lex_density ../results/tagger-output//trx/wmt.smt1.hyp.es-de.norm.de.tag.forlm
lex_density ../results/tagger-output//trx/wmt.smt2.edit.es-de.norm.de.tag.forlm
lex_density ../results/tagger-output//trx/wmt.smt2.hyp.es-de.norm.de.tag.forlm
lex_density ../results/tagger-output//trx/wmt.rbmt1.edit.de-es.norm.es.tag.forlm
lex_density ../results/tagger-output//trx/wmt.rbmt1.hyp.de-es.norm.es.tag.forlm
lex_density ../results/tagger-output//trx/wmt.rbmt2.edit.de-es.norm.es.tag.forlm
lex_density ../results/tagger-output//trx/wmt.rbmt2.hyp.de-es.norm.es.tag.forlm
lex_density ../results/tagger-output//trx/wmt.ref.de-es.norm.es.tag.forlm
lex_density ../results/tagger-output//trx/wmt.smt1.edit.de-es.norm.es.tag.forlm
lex_density ../results/tagger-output//trx/wmt.smt1.hyp.de-es.norm.es.tag.forlm
lex_density ../results/tagger-output//trx/wmt.smt2.edit.de-es.norm.es.tag.forlm
lex_density ../results/tagger-output//trx/wmt.smt2.hyp.de-es.norm.es.tag.forlm
